f:\maple\ztudents\leetcode\leetcodeproject\leetcodeproject\x64\debug\vc141.pdb
f:\maple\ztudents\leetcode\leetcodeproject\leetcodeproject\x64\debug\vc141.idb
f:\maple\ztudents\leetcode\leetcodeproject\leetcodeproject\x64\debug\zconvert.obj
f:\maple\ztudents\leetcode\leetcodeproject\leetcodeproject\x64\debug\twonumplus.obj
f:\maple\ztudents\leetcode\leetcodeproject\leetcodeproject\x64\debug\threesummain.obj
f:\maple\ztudents\leetcode\leetcodeproject\leetcodeproject\x64\debug\rexmatch.obj
f:\maple\ztudents\leetcode\leetcodeproject\leetcodeproject\x64\debug\reverseintcpp.obj
f:\maple\ztudents\leetcode\leetcodeproject\leetcodeproject\x64\debug\oneplusone.obj
f:\maple\ztudents\leetcode\leetcodeproject\leetcodeproject\x64\debug\nonrepeat substring.obj
f:\maple\ztudents\leetcode\leetcodeproject\leetcodeproject\x64\debug\myatoi.obj
f:\maple\ztudents\leetcode\leetcodeproject\leetcodeproject\x64\debug\longestpalindrome.obj
f:\maple\ztudents\leetcode\leetcodeproject\leetcodeproject\x64\debug\findmediansortedarrays.obj
f:\maple\ztudents\leetcode\leetcodeproject\leetcodeproject\x64\debug\offer6.printlinkedlistfromtail.obj
f:\maple\ztudents\leetcode\leetcodeproject\leetcodeproject\x64\debug\offer7.reconstructtree.obj
f:\maple\ztudents\leetcode\leetcodeproject\x64\debug\leetcodeproject.exe
f:\maple\ztudents\leetcode\leetcodeproject\x64\debug\leetcodeproject.ilk
f:\maple\ztudents\leetcode\leetcodeproject\x64\debug\leetcodeproject.pdb
f:\maple\ztudents\leetcode\leetcodeproject\leetcodeproject\x64\debug\leetcodeproject.tlog\cl.command.1.tlog
f:\maple\ztudents\leetcode\leetcodeproject\leetcodeproject\x64\debug\leetcodeproject.tlog\cl.read.1.tlog
f:\maple\ztudents\leetcode\leetcodeproject\leetcodeproject\x64\debug\leetcodeproject.tlog\cl.write.1.tlog
f:\maple\ztudents\leetcode\leetcodeproject\leetcodeproject\x64\debug\leetcodeproject.tlog\link.command.1.tlog
f:\maple\ztudents\leetcode\leetcodeproject\leetcodeproject\x64\debug\leetcodeproject.tlog\link.read.1.tlog
f:\maple\ztudents\leetcode\leetcodeproject\leetcodeproject\x64\debug\leetcodeproject.tlog\link.write.1.tlog
